0 info it worked if it ends with ok
1 verbose cli [ 'C:\\Program Files\\nodejs\\node.exe',
1 verbose cli   'C:\\Program Files\\nodejs\\node_modules\\npm\\bin\\npm-cli.js',
1 verbose cli   'install',
1 verbose cli   'jsDoc',
1 verbose cli   '-g' ]
2 info using npm@2.15.8
3 info using node@v4.4.7
4 verbose install initial load of C:\Users\Restry\AppData\Roaming\npm\package.json
5 verbose readDependencies loading dependencies from C:\Users\Restry\AppData\Roaming\npm\package.json
6 silly cache add args [ 'jsDoc', null ]
7 verbose cache add spec jsDoc
8 silly cache add parsed spec Result {
8 silly cache add   raw: 'jsDoc',
8 silly cache add   scope: null,
8 silly cache add   name: 'jsDoc',
8 silly cache add   rawSpec: '',
8 silly cache add   spec: 'latest',
8 silly cache add   type: 'tag' }
9 silly addNamed jsDoc@latest
10 verbose addNamed "latest" is being treated as a dist-tag for jsDoc
11 info addNameTag [ 'jsDoc', 'latest' ]
12 silly mapToRegistry name jsDoc
13 silly mapToRegistry using default registry
14 silly mapToRegistry registry https://registry.npmjs.org/
15 silly mapToRegistry data Result {
15 silly mapToRegistry   raw: 'jsDoc',
15 silly mapToRegistry   scope: null,
15 silly mapToRegistry   name: 'jsDoc',
15 silly mapToRegistry   rawSpec: '',
15 silly mapToRegistry   spec: 'latest',
15 silly mapToRegistry   type: 'tag' }
16 silly mapToRegistry uri https://registry.npmjs.org/jsDoc
17 verbose addNameTag registry:https://registry.npmjs.org/jsDoc not in flight; fetching
18 verbose request uri https://registry.npmjs.org/jsDoc
19 verbose request no auth needed
20 info attempt registry request try #1 at 14:28:46
21 verbose request id a387bd29dde62da1
22 http request GET https://registry.npmjs.org/jsDoc
23 info retry will retry, error on last attempt: Error: socket hang up
24 info attempt registry request try #2 at 14:39:03
25 http request GET https://registry.npmjs.org/jsDoc
26 http 404 https://registry.npmjs.org/jsDoc
27 verbose headers { 'content-type': 'application/json',
27 verbose headers   'cache-control': 'max-age=0',
27 verbose headers   'content-length': '2',
27 verbose headers   'accept-ranges': 'bytes',
27 verbose headers   date: 'Thu, 20 Oct 2016 06:42:18 GMT',
27 verbose headers   via: '1.1 varnish',
27 verbose headers   age: '0',
27 verbose headers   connection: 'keep-alive',
27 verbose headers   'x-served-by': 'cache-itm7423-ITM',
27 verbose headers   'x-cache': 'MISS',
27 verbose headers   'x-cache-hits': '0',
27 verbose headers   'x-timer': 'S1476945738.011355,VS0,VE159',
27 verbose headers   vary: 'Accept-Encoding' }
28 silly get cb [ 404,
28 silly get   { 'content-type': 'application/json',
28 silly get     'cache-control': 'max-age=0',
28 silly get     'content-length': '2',
28 silly get     'accept-ranges': 'bytes',
28 silly get     date: 'Thu, 20 Oct 2016 06:42:18 GMT',
28 silly get     via: '1.1 varnish',
28 silly get     age: '0',
28 silly get     connection: 'keep-alive',
28 silly get     'x-served-by': 'cache-itm7423-ITM',
28 silly get     'x-cache': 'MISS',
28 silly get     'x-cache-hits': '0',
28 silly get     'x-timer': 'S1476945738.011355,VS0,VE159',
28 silly get     vary: 'Accept-Encoding' } ]
29 verbose stack Error: Registry returned 404 for GET on https://registry.npmjs.org/jsDoc
29 verbose stack     at makeError (C:\Program Files\nodejs\node_modules\npm\node_modules\npm-registry-client\lib\request.js:264:12)
29 verbose stack     at CachingRegistryClient.<anonymous> (C:\Program Files\nodejs\node_modules\npm\node_modules\npm-registry-client\lib\request.js:242:14)
29 verbose stack     at Request._callback (C:\Program Files\nodejs\node_modules\npm\node_modules\npm-registry-client\lib\request.js:172:14)
29 verbose stack     at Request.self.callback (C:\Program Files\nodejs\node_modules\npm\node_modules\request\request.js:200:22)
29 verbose stack     at emitTwo (events.js:87:13)
29 verbose stack     at Request.emit (events.js:172:7)
29 verbose stack     at Request.<anonymous> (C:\Program Files\nodejs\node_modules\npm\node_modules\request\request.js:1067:10)
29 verbose stack     at emitOne (events.js:82:20)
29 verbose stack     at Request.emit (events.js:169:7)
29 verbose stack     at IncomingMessage.<anonymous> (C:\Program Files\nodejs\node_modules\npm\node_modules\request\request.js:988:12)
30 verbose statusCode 404
31 verbose pkgid jsDoc
32 verbose cwd D:\GitStore\MyResearch\spa
33 error Windows_NT 10.0.14393
34 error argv "C:\\Program Files\\nodejs\\node.exe" "C:\\Program Files\\nodejs\\node_modules\\npm\\bin\\npm-cli.js" "install" "jsDoc" "-g"
35 error node v4.4.7
36 error npm  v2.15.8
37 error code E404
38 error 404 Registry returned 404 for GET on https://registry.npmjs.org/jsDoc
38 error 404
38 error 404 'jsDoc' is not in the npm registry.
38 error 404 Your package name is not valid, because
38 error 404
38 error 404  1. name can no longer contain capital letters
38 error 404
38 error 404 Note that you can also install from a
38 error 404 tarball, folder, http url, or git url.
39 verbose exit [ 1, true ]
